\BOOKMARK [1][-]{section.1}{Introduction}{}% 1
\BOOKMARK [1][-]{section.2}{Vision}{}% 2
\BOOKMARK [1][-]{section.3}{Background}{}% 3
\BOOKMARK [1][-]{section.4}{Architecture requirements}{}% 4
\BOOKMARK [2][-]{subsection.4.1}{Access channel requirements}{section.4}% 5
\BOOKMARK [2][-]{subsection.4.2}{Quality requirements}{section.4}% 6
\BOOKMARK [2][-]{subsection.4.3}{Integration requirements}{section.4}% 7
\BOOKMARK [2][-]{subsection.4.4}{Architecture constraints}{section.4}% 8
\BOOKMARK [1][-]{section.5}{Functional requirements and application design}{}% 9
\BOOKMARK [2][-]{subsection.5.1}{Use case prioritization}{section.5}% 10
\BOOKMARK [3][-]{subsubsection.5.1.1}{Critical}{subsection.5.1}% 11
\BOOKMARK [3][-]{subsubsection.5.1.2}{Important}{subsection.5.1}% 12
\BOOKMARK [3][-]{subsubsection.5.1.3}{Nice to Have}{subsection.5.1}% 13
\BOOKMARK [2][-]{subsection.5.2}{Use case/Services contracts}{section.5}% 14
\BOOKMARK [3][-]{subsubsection.5.2.1}{Login}{subsection.5.2}% 15
\BOOKMARK [3][-]{subsubsection.5.2.2}{Logout}{subsection.5.2}% 16
\BOOKMARK [3][-]{subsubsection.5.2.3}{CreatePost}{subsection.5.2}% 17
\BOOKMARK [3][-]{subsubsection.5.2.4}{Request}{subsection.5.2}% 18
\BOOKMARK [3][-]{subsubsection.5.2.5}{Thread}{subsection.5.2}% 19
\BOOKMARK [3][-]{subsubsection.5.2.6}{Voting}{subsection.5.2}% 20
\BOOKMARK [2][-]{subsection.5.3}{Required functionality}{section.5}% 21
\BOOKMARK [2][-]{subsection.5.4}{Process specifications}{section.5}% 22
\BOOKMARK [2][-]{subsection.5.5}{ Domain Model}{section.5}% 23
